<?xml version="1.0" encoding="UTF-8"?>
<testng-results skipped="0" failed="0" ignored="0" total="1" passed="1">
  <reporter-output>
  </reporter-output>
  <suite name="Default suite" duration-ms="53771" started-at="2020-01-28T06:47:05Z" finished-at="2020-01-28T06:47:59Z">
    <groups>
    </groups>
    <test name="Default test" duration-ms="53771" started-at="2020-01-28T06:47:05Z" finished-at="2020-01-28T06:47:59Z">
      <class name="com.abc.MagentoMain.MagentoTest">
        <test-method status="PASS" signature="test()[pri:0, instance:com.abc.MagentoMain.MagentoTest@55f3ddb1]" name="test" duration-ms="53728" started-at="2020-01-28T06:47:05Z" finished-at="2020-01-28T06:47:59Z">
          <reporter-output>
          </reporter-output>
        </test-method> <!-- test -->
      </class> <!-- com.abc.MagentoMain.MagentoTest -->
    </test> <!-- Default test -->
  </suite> <!-- Default suite -->
</testng-results>
